<?xml version="1.0" encoding="UTF-8"?>
<testng-results ignored="0" total="1" passed="1" failed="0" skipped="0">
  <reporter-output>
    <line>
      <![CDATA[Facebook – log in or sign up]]>
    </line>
    <line>
      <![CDATA[https://www.facebook.com/login/?privacy_mutation_token=eyJ0eXBlIjowLCJjcmVhdGlvbl90aW1lIjoxNjg3Nzc2MTUwLCJjYWxsc2l0ZV9pZCI6MzgxMjI5MDc5NTc1OTQ2fQ%3D%3D]]>
    </line>
  </reporter-output>
  <suite started-at="2023-06-26T17:07:55 BST" name="Failed suite [Failed suite [Suite]]" finished-at="2023-06-26T17:08:07 BST" duration-ms="11526">
    <groups>
    </groups>
    <test started-at="2023-06-26T17:07:55 BST" name="Test(failed)(failed)" finished-at="2023-06-26T17:08:07 BST" duration-ms="11526">
      <class name="testng.Testcase1">
        <test-method is-config="true" signature="openApp()[pri:0, instance:testng.Testcase1@69e1dd28]" started-at="2023-06-26T17:07:55 BST" name="openApp" finished-at="2023-06-26T17:08:03 BST" duration-ms="7161" status="PASS">
          <reporter-output>
          </reporter-output>
        </test-method> <!-- openApp -->
        <test-method signature="tc1()[pri:0, instance:testng.Testcase1@69e1dd28]" started-at="2023-06-26T17:08:03 BST" name="tc1" finished-at="2023-06-26T17:08:06 BST" duration-ms="3014" status="PASS">
          <reporter-output>
            <line>
              <![CDATA[Facebook – log in or sign up]]>
            </line>
            <line>
              <![CDATA[https://www.facebook.com/login/?privacy_mutation_token=eyJ0eXBlIjowLCJjcmVhdGlvbl90aW1lIjoxNjg3Nzc2MTUwLCJjYWxsc2l0ZV9pZCI6MzgxMjI5MDc5NTc1OTQ2fQ%3D%3D]]>
            </line>
          </reporter-output>
        </test-method> <!-- tc1 -->
        <test-method is-config="true" signature="closeApp()[pri:0, instance:testng.Testcase1@69e1dd28]" started-at="2023-06-26T17:08:06 BST" name="closeApp" finished-at="2023-06-26T17:08:07 BST" duration-ms="1280" status="PASS">
          <reporter-output>
          </reporter-output>
        </test-method> <!-- closeApp -->
      </class> <!-- testng.Testcase1 -->
    </test> <!-- Test(failed)(failed) -->
  </suite> <!-- Failed suite [Failed suite [Suite]] -->
</testng-results>
